0 info it worked if it ends with ok
1 verbose cli [ '/usr/local/bin/node', '/usr/local/bin/npm', 'run', 'docs:dev' ]
2 info using npm@4.1.2
3 info using node@v7.7.1
4 verbose run-script [ 'predocs:dev', 'docs:dev', 'postdocs:dev' ]
5 info lifecycle EloquentArduino@1.0.0~predocs:dev: EloquentArduino@1.0.0
6 silly lifecycle EloquentArduino@1.0.0~predocs:dev: no script for predocs:dev, continuing
7 info lifecycle EloquentArduino@1.0.0~docs:dev: EloquentArduino@1.0.0
8 verbose lifecycle EloquentArduino@1.0.0~docs:dev: unsafe-perm in lifecycle true
9 verbose lifecycle EloquentArduino@1.0.0~docs:dev: PATH: /usr/local/lib/node_modules/npm/bin/node-gyp-bin:/home/simone/Arduino/libraries/EloquentArduino/node_modules/.bin:/home/simone/.pyenv/shims:/home/simone/.pyenv/bin:/home/simone/bin:/home/simone/bin:/home/simone/.local/bin:/usr/local/go/bin:/usr/local/sbin:/usr/local/bin:/usr/sbin:/usr/bin:/sbin:/bin:/usr/games:/usr/local/games:/snap/bin:/usr/lib/jvm/java-8-oracle/bin:/usr/lib/jvm/java-8-oracle/db/bin:/usr/lib/jvm/java-8-oracle/jre/bin:/usr/lib/jvm/java-8-oracle/bin:/usr/lib/jvm/java-8-oracle/db/bin:/usr/lib/jvm/java-8-oracle/jre/bin:/usr/local/go/bin:/usr/local/hadoop/bin:/usr/local/hadoop/sbin:/usr/local/hive/bin:/usr/local/spark/bin
10 verbose lifecycle EloquentArduino@1.0.0~docs:dev: CWD: /home/simone/Arduino/libraries/EloquentArduino
11 silly lifecycle EloquentArduino@1.0.0~docs:dev: Args: [ '-c', 'vuepress dev docs' ]
12 silly lifecycle EloquentArduino@1.0.0~docs:dev: Returned: code: 1  signal: null
13 info lifecycle EloquentArduino@1.0.0~docs:dev: Failed to exec docs:dev script
14 verbose stack Error: EloquentArduino@1.0.0 docs:dev: `vuepress dev docs`
14 verbose stack Exit status 1
14 verbose stack     at EventEmitter.<anonymous> (/usr/local/lib/node_modules/npm/lib/utils/lifecycle.js:279:16)
14 verbose stack     at emitTwo (events.js:106:13)
14 verbose stack     at EventEmitter.emit (events.js:194:7)
14 verbose stack     at ChildProcess.<anonymous> (/usr/local/lib/node_modules/npm/lib/utils/spawn.js:40:14)
14 verbose stack     at emitTwo (events.js:106:13)
14 verbose stack     at ChildProcess.emit (events.js:194:7)
14 verbose stack     at maybeClose (internal/child_process.js:899:16)
14 verbose stack     at Process.ChildProcess._handle.onexit (internal/child_process.js:226:5)
15 verbose pkgid EloquentArduino@1.0.0
16 verbose cwd /home/simone/Arduino/libraries/EloquentArduino
17 error Linux 4.10.0-42-generic
18 error argv "/usr/local/bin/node" "/usr/local/bin/npm" "run" "docs:dev"
19 error node v7.7.1
20 error npm  v4.1.2
21 error code ELIFECYCLE
22 error EloquentArduino@1.0.0 docs:dev: `vuepress dev docs`
22 error Exit status 1
23 error Failed at the EloquentArduino@1.0.0 docs:dev script 'vuepress dev docs'.
23 error Make sure you have the latest version of node.js and npm installed.
23 error If you do, this is most likely a problem with the EloquentArduino package,
23 error not with npm itself.
23 error Tell the author that this fails on your system:
23 error     vuepress dev docs
23 error You can get information on how to open an issue for this project with:
23 error     npm bugs EloquentArduino
23 error Or if that isn't available, you can get their info via:
23 error     npm owner ls EloquentArduino
23 error There is likely additional logging output above.
24 verbose exit [ 1, true ]
